15:09:05 **** Build of configuration Debug for project 1 PWM in timer2 - LED Dimming ****
make -j12 all 
arm-none-eabi-gcc -mcpu=cortex-m4 -g3 -DDEBUG -c -x assembler-with-cpp -MMD -MP -MF"Startup/startup_stm32f407vgtx.d" -MT"Startup/startup_stm32f407vgtx.o" --specs=nano.specs -mfpu=fpv4-sp-d16 -mfloat-abi=hard -mthumb -o "Startup/startup_stm32f407vgtx.o" "../Startup/startup_stm32f407vgtx.s"
arm-none-eabi-gcc "../Src/syscalls.c" -mcpu=cortex-m4 -std=gnu11 -g3 -DDEBUG -DSTM32 -DSTM32F407G_DISC1 -DSTM32F4 -DSTM32F407VGTx -c -I../Inc -I"D:/Anas_Embedded system/STM32_Activities/Codes/1 PWM in timer2 - LED Dimming/App/inc" -I"D:/Anas_Embedded system/STM32_Activities/Codes/1 PWM in timer2 - LED Dimming/Services/inc" -O0 -ffunction-sections -fdata-sections -Wall -fstack-usage -fcyclomatic-complexity -MMD -MP -MF"Src/syscalls.d" -MT"Src/syscalls.o" --specs=nano.specs -mfpu=fpv4-sp-d16 -mfloat-abi=hard -mthumb -o "Src/syscalls.o"
arm-none-eabi-gcc "../Src/sysmem.c" -mcpu=cortex-m4 -std=gnu11 -g3 -DDEBUG -DSTM32 -DSTM32F407G_DISC1 -DSTM32F4 -DSTM32F407VGTx -c -I../Inc -I"D:/Anas_Embedded system/STM32_Activities/Codes/1 PWM in timer2 - LED Dimming/App/inc" -I"D:/Anas_Embedded system/STM32_Activities/Codes/1 PWM in timer2 - LED Dimming/Services/inc" -O0 -ffunction-sections -fdata-sections -Wall -fstack-usage -fcyclomatic-complexity -MMD -MP -MF"Src/sysmem.d" -MT"Src/sysmem.o" --specs=nano.specs -mfpu=fpv4-sp-d16 -mfloat-abi=hard -mthumb -o "Src/sysmem.o"
arm-none-eabi-gcc "../Services/src/STM32_GPIO.c" -mcpu=cortex-m4 -std=gnu11 -g3 -DDEBUG -DSTM32 -DSTM32F407G_DISC1 -DSTM32F4 -DSTM32F407VGTx -c -I../Inc -I"D:/Anas_Embedded system/STM32_Activities/Codes/1 PWM in timer2 - LED Dimming/App/inc" -I"D:/Anas_Embedded system/STM32_Activities/Codes/1 PWM in timer2 - LED Dimming/Services/inc" -O0 -ffunction-sections -fdata-sections -Wall -fstack-usage -fcyclomatic-complexity -MMD -MP -MF"Services/src/STM32_GPIO.d" -MT"Services/src/STM32_GPIO.o" --specs=nano.specs -mfpu=fpv4-sp-d16 -mfloat-abi=hard -mthumb -o "Services/src/STM32_GPIO.o"
arm-none-eabi-gcc "../Services/src/STM32_GPT.c" -mcpu=cortex-m4 -std=gnu11 -g3 -DDEBUG -DSTM32 -DSTM32F407G_DISC1 -DSTM32F4 -DSTM32F407VGTx -c -I../Inc -I"D:/Anas_Embedded system/STM32_Activities/Codes/1 PWM in timer2 - LED Dimming/App/inc" -I"D:/Anas_Embedded system/STM32_Activities/Codes/1 PWM in timer2 - LED Dimming/Services/inc" -O0 -ffunction-sections -fdata-sections -Wall -fstack-usage -fcyclomatic-complexity -MMD -MP -MF"Services/src/STM32_GPT.d" -MT"Services/src/STM32_GPT.o" --specs=nano.specs -mfpu=fpv4-sp-d16 -mfloat-abi=hard -mthumb -o "Services/src/STM32_GPT.o"
arm-none-eabi-gcc "../Services/src/STM32_NVIC.c" -mcpu=cortex-m4 -std=gnu11 -g3 -DDEBUG -DSTM32 -DSTM32F407G_DISC1 -DSTM32F4 -DSTM32F407VGTx -c -I../Inc -I"D:/Anas_Embedded system/STM32_Activities/Codes/1 PWM in timer2 - LED Dimming/App/inc" -I"D:/Anas_Embedded system/STM32_Activities/Codes/1 PWM in timer2 - LED Dimming/Services/inc" -O0 -ffunction-sections -fdata-sections -Wall -fstack-usage -fcyclomatic-complexity -MMD -MP -MF"Services/src/STM32_NVIC.d" -MT"Services/src/STM32_NVIC.o" --specs=nano.specs -mfpu=fpv4-sp-d16 -mfloat-abi=hard -mthumb -o "Services/src/STM32_NVIC.o"
arm-none-eabi-gcc "../Services/src/STM32_RCC.c" -mcpu=cortex-m4 -std=gnu11 -g3 -DDEBUG -DSTM32 -DSTM32F407G_DISC1 -DSTM32F4 -DSTM32F407VGTx -c -I../Inc -I"D:/Anas_Embedded system/STM32_Activities/Codes/1 PWM in timer2 - LED Dimming/App/inc" -I"D:/Anas_Embedded system/STM32_Activities/Codes/1 PWM in timer2 - LED Dimming/Services/inc" -O0 -ffunction-sections -fdata-sections -Wall -fstack-usage -fcyclomatic-complexity -MMD -MP -MF"Services/src/STM32_RCC.d" -MT"Services/src/STM32_RCC.o" --specs=nano.specs -mfpu=fpv4-sp-d16 -mfloat-abi=hard -mthumb -o "Services/src/STM32_RCC.o"
arm-none-eabi-gcc "../App/src/APP_feature.c" -mcpu=cortex-m4 -std=gnu11 -g3 -DDEBUG -DSTM32 -DSTM32F407G_DISC1 -DSTM32F4 -DSTM32F407VGTx -c -I../Inc -I"D:/Anas_Embedded system/STM32_Activities/Codes/1 PWM in timer2 - LED Dimming/App/inc" -I"D:/Anas_Embedded system/STM32_Activities/Codes/1 PWM in timer2 - LED Dimming/Services/inc" -O0 -ffunction-sections -fdata-sections -Wall -fstack-usage -fcyclomatic-complexity -MMD -MP -MF"App/src/APP_feature.d" -MT"App/src/APP_feature.o" --specs=nano.specs -mfpu=fpv4-sp-d16 -mfloat-abi=hard -mthumb -o "App/src/APP_feature.o"
arm-none-eabi-gcc "../App/src/app_main.c" -mcpu=cortex-m4 -std=gnu11 -g3 -DDEBUG -DSTM32 -DSTM32F407G_DISC1 -DSTM32F4 -DSTM32F407VGTx -c -I../Inc -I"D:/Anas_Embedded system/STM32_Activities/Codes/1 PWM in timer2 - LED Dimming/App/inc" -I"D:/Anas_Embedded system/STM32_Activities/Codes/1 PWM in timer2 - LED Dimming/Services/inc" -O0 -ffunction-sections -fdata-sections -Wall -fstack-usage -fcyclomatic-complexity -MMD -MP -MF"App/src/app_main.d" -MT"App/src/app_main.o" --specs=nano.specs -mfpu=fpv4-sp-d16 -mfloat-abi=hard -mthumb -o "App/src/app_main.o"
../Services/src/STM32_NVIC.c: In function 'TIM2_IRQHandler':
../Services/src/STM32_NVIC.c:42:17: warning: implicit declaration of function 'led_operations'; did you mean 'pin_operations'? [-Wimplicit-function-declaration]
   42 |                 led_operations(GREEN_LED_PIN, TOGGLE);
      |                 ^~~~~~~~~~~~~~
      |                 pin_operations
../Services/src/STM32_NVIC.c: In function 'TIM4_IRQHandler':
../Services/src/STM32_NVIC.c:74:17: warning: implicit declaration of function 'fade_led_program' [-Wimplicit-function-declaration]
   74 |                 fade_led_program();
      |                 ^~~~~~~~~~~~~~~~

cc1.exe: out of memory allocating 65536 bytes
make: *** [App/src/subdir.mk:22: App/src/APP_feature.o] Error 1
make: *** Waiting for unfinished jobs....
